[0530/123847.502:ERROR:process_memory_win.cc(73)] ReadMemory at 0x7ff634f50000 of 64 bytes failed: Only part of a ReadProcessMemory or WriteProcessMemory request was completed. (0x12B)
[0530/123847.502:WARNING:pe_image_reader.cc(340)] could not read dos header from C:\Program Files (x86)\Google\Chrome\Application\chrome.exe
[0530/123847.502:ERROR:process_memory_win.cc(73)] ReadMemory at 0x7ffd0cf40000 of 64 bytes failed: Only part of a ReadProcessMemory or WriteProcessMemory request was completed. (0x12B)
[0530/123847.502:WARNING:pe_image_reader.cc(340)] could not read dos header from C:\WINDOWS\SYSTEM32\ntdll.dll
[0530/123847.518:ERROR:process_memory_win.cc(73)] ReadMemory at 0x7ffd0c380000 of 64 bytes failed: Only part of a ReadProcessMemory or WriteProcessMemory request was completed. (0x12B)
[0530/123847.518:WARNING:pe_image_reader.cc(340)] could not read dos header from C:\WINDOWS\System32\KERNEL32.DLL
[0530/123847.518:ERROR:process_memory_win.cc(73)] ReadMemory at 0x7ffd0aca0000 of 64 bytes failed: Only part of a ReadProcessMemory or WriteProcessMemory request was completed. (0x12B)
[0530/123847.518:WARNING:pe_image_reader.cc(340)] could not read dos header from C:\WINDOWS\System32\KERNELBASE.dll
[0530/123847.518:ERROR:process_memory_win.cc(73)] ReadMemory at 0x7ffcc6c80000 of 64 bytes failed: Only part of a ReadProcessMemory or WriteProcessMemory request was completed. (0x12B)
[0530/123847.518:WARNING:pe_image_reader.cc(340)] could not read dos header from C:\Program Files (x86)\Google\Chrome\Application\83.0.4103.61\chrome_elf.dll
[0530/123847.518:ERROR:process_memory_win.cc(73)] ReadMemory at 0x7ffd04e20000 of 64 bytes failed: Only part of a ReadProcessMemory or WriteProcessMemory request was completed. (0x12B)
[0530/123847.518:WARNING:pe_image_reader.cc(340)] could not read dos header from C:\WINDOWS\SYSTEM32\VERSION.dll
[0530/123847.518:ERROR:process_memory_win.cc(73)] ReadMemory at 0x7ffd0b010000 of 64 bytes failed: Only part of a ReadProcessMemory or WriteProcessMemory request was completed. (0x12B)
[0530/123847.518:WARNING:pe_image_reader.cc(340)] could not read dos header from C:\WINDOWS\System32\msvcrt.dll
[0530/123847.518:ERROR:process_memory_win.cc(73)] ReadMemory at 0x7ffd0a880000 of 64 bytes failed: Only part of a ReadProcessMemory or WriteProcessMemory request was completed. (0x12B)
[0530/123847.518:WARNING:pe_image_reader.cc(340)] could not read dos header from C:\WINDOWS\System32\bcryptPrimitives.dll
[0530/123847.518:ERROR:process_memory_win.cc(73)] ReadMemory at 0x7ffd0b0b0000 of 64 bytes failed: Only part of a ReadProcessMemory or WriteProcessMemory request was completed. (0x12B)
[0530/123847.518:WARNING:pe_image_reader.cc(340)] could not read dos header from C:\WINDOWS\System32\ADVAPI32.dll
[0530/123847.518:ERROR:process_memory_win.cc(73)] ReadMemory at 0x7ffd0b2d0000 of 64 bytes failed: Only part of a ReadProcessMemory or WriteProcessMemory request was completed. (0x12B)
[0530/123847.518:WARNING:pe_image_reader.cc(340)] could not read dos header from C:\WINDOWS\System32\sechost.dll
[0530/123847.518:ERROR:process_memory_win.cc(73)] ReadMemory at 0x7ffd0cb00000 of 64 bytes failed: Only part of a ReadProcessMemory or WriteProcessMemory request was completed. (0x12B)
[0530/123847.518:WARNING:pe_image_reader.cc(340)] could not read dos header from C:\WINDOWS\System32\RPCRT4.dll
[0530/123847.518:ERROR:process_memory_win.cc(73)] ReadMemory at 0x7ffc9dd30000 of 64 bytes failed: Only part of a ReadProcessMemory or WriteProcessMemory request was completed. (0x12B)
[0530/123847.518:WARNING:pe_image_reader.cc(340)] could not read dos header from C:\Program Files (x86)\Google\Chrome\Application\83.0.4103.61\chrome.dll
[0530/123847.518:ERROR:process_memory_win.cc(73)] ReadMemory at 0x7ffd0bc20000 of 64 bytes failed: Only part of a ReadProcessMemory or WriteProcessMemory request was completed. (0x12B)
[0530/123847.518:WARNING:pe_image_reader.cc(340)] could not read dos header from C:\WINDOWS\System32\WS2_32.dll
[0530/123847.518:ERROR:process_memory_win.cc(73)] ReadMemory at 0x7ffd0be30000 of 64 bytes failed: Only part of a ReadProcessMemory or WriteProcessMemory request was completed. (0x12B)
[0530/123847.518:WARNING:pe_image_reader.cc(340)] could not read dos header from C:\WINDOWS\System32\OLEAUT32.dll
[0530/123847.518:ERROR:process_memory_win.cc(73)] ReadMemory at 0x7ffd0af50000 of 64 bytes failed: Only part of a ReadProcessMemory or WriteProcessMemory request was completed. (0x12B)
[0530/123847.518:WARNING:pe_image_reader.cc(340)] could not read dos header from C:\WINDOWS\System32\msvcp_win.dll
[0530/123847.518:ERROR:process_memory_win.cc(73)] ReadMemory at 0x7ffd0aba0000 of 64 bytes failed: Only part of a ReadProcessMemory or WriteProcessMemory request was completed. (0x12B)
[0530/123847.518:WARNING:pe_image_reader.cc(340)] could not read dos header from C:\WINDOWS\System32\ucrtbase.dll
[0530/123847.518:ERROR:process_memory_win.cc(73)] ReadMemory at 0x7ffd0c470000 of 64 bytes failed: Only part of a ReadProcessMemory or WriteProcessMemory request was completed. (0x12B)
[0530/123847.518:WARNING:pe_image_reader.cc(340)] could not read dos header from C:\WINDOWS\System32\combase.dll
[0530/123847.518:ERROR:process_memory_win.cc(73)] ReadMemory at 0x7ffd09f00000 of 64 bytes failed: Only part of a ReadProcessMemory or WriteProcessMemory request was completed. (0x12B)
[0530/123847.518:WARNING:pe_image_reader.cc(340)] could not read dos header from C:\WINDOWS\System32\WINTRUST.dll
[0530/123847.518:ERROR:process_memory_win.cc(73)] ReadMemory at 0x7ffd09e30000 of 64 bytes failed: Only part of a ReadProcessMemory or WriteProcessMemory request was completed. (0x12B)
[0530/123847.518:WARNING:pe_image_reader.cc(340)] could not read dos header from C:\WINDOWS\System32\MSASN1.dll
[0530/123847.518:ERROR:process_memory_win.cc(73)] ReadMemory at 0x7ffd09fb0000 of 64 bytes failed: Only part of a ReadProcessMemory or WriteProcessMemory request was completed. (0x12B)
[0530/123847.518:WARNING:pe_image_reader.cc(340)] could not read dos header from C:\WINDOWS\System32\CRYPT32.dll
[0530/123847.518:ERROR:process_memory_win.cc(73)] ReadMemory at 0x7ffd09320000 of 64 bytes failed: Only part of a ReadProcessMemory or WriteProcessMemory request was completed. (0x12B)
[0530/123847.518:WARNING:pe_image_reader.cc(340)] could not read dos header from C:\WINDOWS\SYSTEM32\IPHLPAPI.DLL
[0530/123847.518:ERROR:process_memory_win.cc(73)] ReadMemory at 0x7ffd00250000 of 64 bytes failed: Only part of a ReadProcessMemory or WriteProcessMemory request was completed. (0x12B)
[0530/123847.518:WARNING:pe_image_reader.cc(340)] could not read dos header from C:\WINDOWS\SYSTEM32\WINMM.dll
[0530/123847.518:ERROR:process_memory_win.cc(73)] ReadMemory at 0x7ffd09050000 of 64 bytes failed: Only part of a ReadProcessMemory or WriteProcessMemory request was completed. (0x12B)
[0530/123847.518:WARNING:pe_image_reader.cc(340)] could not read dos header from C:\WINDOWS\SYSTEM32\Secur32.dll
[0530/123847.518:ERROR:process_memory_win.cc(73)] ReadMemory at 0x7ffd09cf0000 of 64 bytes failed: Only part of a ReadProcessMemory or WriteProcessMemory request was completed. (0x12B)
[0530/123847.518:WARNING:pe_image_reader.cc(340)] could not read dos header from C:\WINDOWS\SYSTEM32\USERENV.dll
[0530/123847.518:ERROR:process_memory_win.cc(73)] ReadMemory at 0x7ffd09e50000 of 64 bytes failed: Only part of a ReadProcessMemory or WriteProcessMemory request was completed. (0x12B)
[0530/123847.518:WARNING:pe_image_reader.cc(340)] could not read dos header from C:\WINDOWS\System32\profapi.dll
[0530/123847.518:ERROR:process_memory_win.cc(73)] ReadMemory at 0x7ffcdf4e0000 of 64 bytes failed: Only part of a ReadProcessMemory or WriteProcessMemory request was completed. (0x12B)
[0530/123847.518:WARNING:pe_image_reader.cc(340)] could not read dos header from C:\WINDOWS\SYSTEM32\UIAutomationCore.DLL
[0530/123847.518:ERROR:process_memory_win.cc(73)] ReadMemory at 0x7ffcee960000 of 64 bytes failed: Only part of a ReadProcessMemory or WriteProcessMemory request was completed. (0x12B)
[0530/123847.518:WARNING:pe_image_reader.cc(340)] could not read dos header from C:\WINDOWS\SYSTEM32\DWrite.dll
[0530/123847.518:ERROR:process_memory_win.cc(73)] ReadMemory at 0x7ffcfc3c0000 of 64 bytes failed: Only part of a ReadProcessMemory or WriteProcessMemory request was completed. (0x12B)
[0530/123847.518:WARNING:pe_image_reader.cc(340)] could not read dos header from C:\WINDOWS\SYSTEM32\WINSPOOL.DRV
[0530/123847.518:ERROR:process_memory_win.cc(73)] ReadMemory at 0x7ffd09e10000 of 64 bytes failed: Only part of a ReadProcessMemory or WriteProcessMemory request was completed. (0x12B)
[0530/123847.518:WARNING:pe_image_reader.cc(340)] could not read dos header from C:\WINDOWS\System32\kernel.appcore.dll
[0530/123847.518:ERROR:process_memory_win.cc(73)] ReadMemory at 0x7ffd0aaa0000 of 64 bytes failed: Only part of a ReadProcessMemory or WriteProcessMemory request was completed. (0x12B)
[0530/123847.518:WARNING:pe_image_reader.cc(340)] could not read dos header from C:\WINDOWS\System32\bcrypt.dll
[0530/123847.518:ERROR:process_memory_win.cc(73)] ReadMemory at 0x7ffd04b70000 of 64 bytes failed: Only part of a ReadProcessMemory or WriteProcessMemory request was completed. (0x12B)
[0530/123847.518:WARNING:pe_image_reader.cc(340)] could not read dos header from C:\WINDOWS\SYSTEM32\dbghelp.dll
[0530/123847.518:ERROR:process_memory_win.cc(73)] ReadMemory at 0x7ffd033e0000 of 64 bytes failed: Only part of a ReadProcessMemory or WriteProcessMemory request was completed. (0x12B)
[0530/123847.518:WARNING:pe_image_reader.cc(340)] could not read dos header from C:\WINDOWS\SYSTEM32\WINHTTP.dll
[0530/123847.518:ERROR:process_memory_win.cc(73)] ReadMemory at 0x7ffd05220000 of 64 bytes failed: Only part of a ReadProcessMemory or WriteProcessMemory request was completed. (0x12B)
[0530/123847.518:WARNING:pe_image_reader.cc(340)] could not read dos header from C:\WINDOWS\SYSTEM32\dhcpcsvc.DLL
[0530/123847.518:ERROR:process_memory_win.cc(73)] ReadMemory at 0x7ffd0cd50000 of 64 bytes failed: Only part of a ReadProcessMemory or WriteProcessMemory request was completed. (0x12B)
[0530/123847.518:WARNING:pe_image_reader.cc(340)] could not read dos header from C:\WINDOWS\System32\NSI.dll
[0530/123847.518:ERROR:process_memory_win.cc(73)] ReadMemory at 0x7ffd00220000 of 64 bytes failed: Only part of a ReadProcessMemory or WriteProcessMemory request was completed. (0x12B)
[0530/123847.518:WARNING:pe_image_reader.cc(340)] could not read dos header from C:\WINDOWS\SYSTEM32\WINMMBASE.dll
[0530/123847.518:ERROR:process_memory_win.cc(73)] ReadMemory at 0x7ffd09f60000 of 64 bytes failed: Only part of a ReadProcessMemory or WriteProcessMemory request was completed. (0x12B)
[0530/123847.518:WARNING:pe_image_reader.cc(340)] could not read dos header from C:\WINDOWS\System32\cfgmgr32.dll
[0530/123847.518:ERROR:process_memory_win.cc(73)] ReadMemory at 0x7ffd05610000 of 64 bytes failed: Only part of a ReadProcessMemory or WriteProcessMemory request was completed. (0x12B)
[0530/123847.518:WARNING:pe_image_reader.cc(340)] could not read dos header from C:\WINDOWS\SYSTEM32\PROPSYS.dll
[0530/123847.518:ERROR:process_memory_win.cc(73)] ReadMemory at 0x7ffd0ca50000 of 64 bytes failed: Only part of a ReadProcessMemory or WriteProcessMemory request was completed. (0x12B)
[0530/123847.518:WARNING:pe_image_reader.cc(340)] could not read dos header from C:\WINDOWS\System32\shcore.dll
[0530/123847.518:ERROR:process_memory_win.cc(73)] ReadMemory at 0x7ffd09d20000 of 64 bytes failed: Only part of a ReadProcessMemory or WriteProcessMemory request was completed. (0x12B)
[0530/123847.518:WARNING:pe_image_reader.cc(340)] could not read dos header from C:\WINDOWS\SYSTEM32\SSPICLI.DLL
[0530/123847.518:ERROR:process_memory_win.cc(73)] ReadMemory at 0x7ffd0b370000 of 64 bytes failed: Only part of a ReadProcessMemory or WriteProcessMemory request was completed. (0x12B)
[0530/123847.518:WARNING:pe_image_reader.cc(340)] could not read dos header from C:\WINDOWS\System32\SHELL32.dll
[0530/123847.518:ERROR:process_memory_win.cc(73)] ReadMemory at 0x7ffd0a100000 of 64 bytes failed: Only part of a ReadProcessMemory or WriteProcessMemory request was completed. (0x12B)
[0530/123847.518:WARNING:pe_image_reader.cc(340)] could not read dos header from C:\WINDOWS\System32\windows.storage.dll
[0530/123847.518:ERROR:process_memory_win.cc(73)] ReadMemory at 0x7ffd09e80000 of 64 bytes failed: Only part of a ReadProcessMemory or WriteProcessMemory request was completed. (0x12B)
[0530/123847.518:WARNING:pe_image_reader.cc(340)] could not read dos header from C:\WINDOWS\System32\powrprof.dll
[0530/123847.518:ERROR:process_memory_win.cc(73)] ReadMemory at 0x7ffd09e00000 of 64 bytes failed: Only part of a ReadProcessMemory or WriteProcessMemory request was completed. (0x12B)
[0530/123847.518:WARNING:pe_image_reader.cc(340)] could not read dos header from C:\WINDOWS\System32\UMPDC.dll
[0530/123847.518:ERROR:process_memory_win.cc(73)] ReadMemory at 0x7ffd0ba60000 of 64 bytes failed: Only part of a ReadProcessMemory or WriteProcessMemory request was completed. (0x12B)
[0530/123847.518:WARNING:pe_image_reader.cc(340)] could not read dos header from C:\WINDOWS\System32\shlwapi.dll
[0530/123847.518:ERROR:process_memory_win.cc(73)] ReadMemory at 0x18b001d0000 of 64 bytes failed: Only part of a ReadProcessMemory or WriteProcessMemory request was completed. (0x12B)
[0530/123847.518:WARNING:pe_image_reader.cc(340)] could not read dos header from C:\WINDOWS\System32\GDI32.dll
[0530/123847.518:ERROR:process_memory_win.cc(73)] ReadMemory at 0x7ffd09ed0000 of 64 bytes failed: Only part of a ReadProcessMemory or WriteProcessMemory request was completed. (0x12B)
[0530/123847.518:WARNING:pe_image_reader.cc(340)] could not read dos header from C:\WINDOWS\System32\win32u.dll
[0530/123847.518:ERROR:process_memory_win.cc(73)] ReadMemory at 0x7ffd0a900000 of 64 bytes failed: Only part of a ReadProcessMemory or WriteProcessMemory request was completed. (0x12B)
[0530/123847.518:WARNING:pe_image_reader.cc(340)] could not read dos header from C:\WINDOWS\System32\gdi32full.dll
[0530/123847.518:ERROR:process_memory_win.cc(73)] ReadMemory at 0x7ffd0cd60000 of 64 bytes failed: Only part of a ReadProcessMemory or WriteProcessMemory request was completed. (0x12B)
[0530/123847.518:WARNING:pe_image_reader.cc(340)] could not read dos header from C:\WINDOWS\System32\USER32.dll
[0530/123847.518:ERROR:process_memory_win.cc(73)] ReadMemory at 0x7ffd0ab80000 of 64 bytes failed: Only part of a ReadProcessMemory or WriteProcessMemory request was completed. (0x12B)
[0530/123847.518:WARNING:pe_image_reader.cc(340)] could not read dos header from C:\WINDOWS\System32\cryptsp.dll
[0530/123847.518:ERROR:process_memory_win.cc(73)] ReadMemory at 0x7ffd0b160000 of 64 bytes failed: Only part of a ReadProcessMemory or WriteProcessMemory request was completed. (0x12B)
[0530/123847.518:WARNING:pe_image_reader.cc(340)] could not read dos header from C:\WINDOWS\System32\IMM32.DLL
[0530/123847.518:ERROR:process_memory_win.cc(73)] ReadMemory at 0x7ffd097e0000 of 64 bytes failed: Only part of a ReadProcessMemory or WriteProcessMemory request was completed. (0x12B)
[0530/123847.518:WARNING:pe_image_reader.cc(340)] could not read dos header from C:\WINDOWS\SYSTEM32\CRYPTBASE.DLL
[0530/123847.518:ERROR:process_memory_win.cc(73)] ReadMemory at 0x7ff634f50000 of 64 bytes failed: Only part of a ReadProcessMemory or WriteProcessMemory request was completed. (0x12B)
[0530/123847.518:WARNING:pe_image_reader.cc(340)] could not read dos header from C:\Program Files (x86)\Google\Chrome\Application\chrome.exe
[0530/123847.518:ERROR:process_memory_win.cc(73)] ReadMemory at 0x7ffd0cf40000 of 64 bytes failed: Only part of a ReadProcessMemory or WriteProcessMemory request was completed. (0x12B)
[0530/123847.518:WARNING:pe_image_reader.cc(340)] could not read dos header from C:\WINDOWS\SYSTEM32\ntdll.dll
[0530/123847.518:ERROR:process_memory_win.cc(73)] ReadMemory at 0x7ffd0c380000 of 64 bytes failed: Only part of a ReadProcessMemory or WriteProcessMemory request was completed. (0x12B)
[0530/123847.518:WARNING:pe_image_reader.cc(340)] could not read dos header from C:\WINDOWS\System32\KERNEL32.DLL
[0530/123847.518:ERROR:process_memory_win.cc(73)] ReadMemory at 0x7ffd0aca0000 of 64 bytes failed: Only part of a ReadProcessMemory or WriteProcessMemory request was completed. (0x12B)
[0530/123847.518:WARNING:pe_image_reader.cc(340)] could not read dos header from C:\WINDOWS\System32\KERNELBASE.dll
[0530/123847.518:ERROR:process_memory_win.cc(73)] ReadMemory at 0x7ffcc6c80000 of 64 bytes failed: Only part of a ReadProcessMemory or WriteProcessMemory request was completed. (0x12B)
[0530/123847.518:WARNING:pe_image_reader.cc(340)] could not read dos header from C:\Program Files (x86)\Google\Chrome\Application\83.0.4103.61\chrome_elf.dll
[0530/123847.518:ERROR:process_memory_win.cc(73)] ReadMemory at 0x7ffd04e20000 of 64 bytes failed: Only part of a ReadProcessMemory or WriteProcessMemory request was completed. (0x12B)
[0530/123847.518:WARNING:pe_image_reader.cc(340)] could not read dos header from C:\WINDOWS\SYSTEM32\VERSION.dll
[0530/123847.518:ERROR:process_memory_win.cc(73)] ReadMemory at 0x7ffd0b010000 of 64 bytes failed: Only part of a ReadProcessMemory or WriteProcessMemory request was completed. (0x12B)
[0530/123847.518:WARNING:pe_image_reader.cc(340)] could not read dos header from C:\WINDOWS\System32\msvcrt.dll
[0530/123847.518:ERROR:process_memory_win.cc(73)] ReadMemory at 0x7ffd0a880000 of 64 bytes failed: Only part of a ReadProcessMemory or WriteProcessMemory request was completed. (0x12B)
[0530/123847.518:WARNING:pe_image_reader.cc(340)] could not read dos header from C:\WINDOWS\System32\bcryptPrimitives.dll
[0530/123847.518:ERROR:process_memory_win.cc(73)] ReadMemory at 0x7ffd0b0b0000 of 64 bytes failed: Only part of a ReadProcessMemory or WriteProcessMemory request was completed. (0x12B)
[0530/123847.518:WARNING:pe_image_reader.cc(340)] could not read dos header from C:\WINDOWS\System32\ADVAPI32.dll
[0530/123847.518:ERROR:process_memory_win.cc(73)] ReadMemory at 0x7ffd0b2d0000 of 64 bytes failed: Only part of a ReadProcessMemory or WriteProcessMemory request was completed. (0x12B)
[0530/123847.518:WARNING:pe_image_reader.cc(340)] could not read dos header from C:\WINDOWS\System32\sechost.dll
[0530/123847.518:ERROR:process_memory_win.cc(73)] ReadMemory at 0x7ffd0cb00000 of 64 bytes failed: Only part of a ReadProcessMemory or WriteProcessMemory request was completed. (0x12B)
[0530/123847.518:WARNING:pe_image_reader.cc(340)] could not read dos header from C:\WINDOWS\System32\RPCRT4.dll
[0530/123847.518:ERROR:process_memory_win.cc(73)] ReadMemory at 0x7ffc9dd30000 of 64 bytes failed: Only part of a ReadProcessMemory or WriteProcessMemory request was completed. (0x12B)
[0530/123847.518:WARNING:pe_image_reader.cc(340)] could not read dos header from C:\Program Files (x86)\Google\Chrome\Application\83.0.4103.61\chrome.dll
[0530/123847.518:ERROR:process_memory_win.cc(73)] ReadMemory at 0x7ffd0bc20000 of 64 bytes failed: Only part of a ReadProcessMemory or WriteProcessMemory request was completed. (0x12B)
[0530/123847.518:WARNING:pe_image_reader.cc(340)] could not read dos header from C:\WINDOWS\System32\WS2_32.dll
[0530/123847.518:ERROR:process_memory_win.cc(73)] ReadMemory at 0x7ffd0be30000 of 64 bytes failed: Only part of a ReadProcessMemory or WriteProcessMemory request was completed. (0x12B)
[0530/123847.518:WARNING:pe_image_reader.cc(340)] could not read dos header from C:\WINDOWS\System32\OLEAUT32.dll
[0530/123847.518:ERROR:process_memory_win.cc(73)] ReadMemory at 0x7ffd0af50000 of 64 bytes failed: Only part of a ReadProcessMemory or WriteProcessMemory request was completed. (0x12B)
[0530/123847.518:WARNING:pe_image_reader.cc(340)] could not read dos header from C:\WINDOWS\System32\msvcp_win.dll
[0530/123847.518:ERROR:process_memory_win.cc(73)] ReadMemory at 0x7ffd0aba0000 of 64 bytes failed: Only part of a ReadProcessMemory or WriteProcessMemory request was completed. (0x12B)
[0530/123847.518:WARNING:pe_image_reader.cc(340)] could not read dos header from C:\WINDOWS\System32\ucrtbase.dll
[0530/123847.518:ERROR:process_memory_win.cc(73)] ReadMemory at 0x7ffd0c470000 of 64 bytes failed: Only part of a ReadProcessMemory or WriteProcessMemory request was completed. (0x12B)
[0530/123847.518:WARNING:pe_image_reader.cc(340)] could not read dos header from C:\WINDOWS\System32\combase.dll
[0530/123847.518:ERROR:process_memory_win.cc(73)] ReadMemory at 0x7ffd09f00000 of 64 bytes failed: Only part of a ReadProcessMemory or WriteProcessMemory request was completed. (0x12B)
[0530/123847.518:WARNING:pe_image_reader.cc(340)] could not read dos header from C:\WINDOWS\System32\WINTRUST.dll
[0530/123847.518:ERROR:process_memory_win.cc(73)] ReadMemory at 0x7ffd09e30000 of 64 bytes failed: Only part of a ReadProcessMemory or WriteProcessMemory request was completed. (0x12B)
[0530/123847.518:WARNING:pe_image_reader.cc(340)] could not read dos header from C:\WINDOWS\System32\MSASN1.dll
[0530/123847.518:ERROR:process_memory_win.cc(73)] ReadMemory at 0x7ffd09fb0000 of 64 bytes failed: Only part of a ReadProcessMemory or WriteProcessMemory request was completed. (0x12B)
[0530/123847.518:WARNING:pe_image_reader.cc(340)] could not read dos header from C:\WINDOWS\System32\CRYPT32.dll
[0530/123847.518:ERROR:process_memory_win.cc(73)] ReadMemory at 0x7ffd09320000 of 64 bytes failed: Only part of a ReadProcessMemory or WriteProcessMemory request was completed. (0x12B)
[0530/123847.518:WARNING:pe_image_reader.cc(340)] could not read dos header from C:\WINDOWS\SYSTEM32\IPHLPAPI.DLL
[0530/123847.518:ERROR:process_memory_win.cc(73)] ReadMemory at 0x7ffd00250000 of 64 bytes failed: Only part of a ReadProcessMemory or WriteProcessMemory request was completed. (0x12B)
[0530/123847.518:WARNING:pe_image_reader.cc(340)] could not read dos header from C:\WINDOWS\SYSTEM32\WINMM.dll
[0530/123847.518:ERROR:process_memory_win.cc(73)] ReadMemory at 0x7ffd09050000 of 64 bytes failed: Only part of a ReadProcessMemory or WriteProcessMemory request was completed. (0x12B)
[0530/123847.518:WARNING:pe_image_reader.cc(340)] could not read dos header from C:\WINDOWS\SYSTEM32\Secur32.dll
[0530/123847.518:ERROR:process_memory_win.cc(73)] ReadMemory at 0x7ffd09cf0000 of 64 bytes failed: Only part of a ReadProcessMemory or WriteProcessMemory request was completed. (0x12B)
[0530/123847.518:WARNING:pe_image_reader.cc(340)] could not read dos header from C:\WINDOWS\SYSTEM32\USERENV.dll
[0530/123847.518:ERROR:process_memory_win.cc(73)] ReadMemory at 0x7ffd09e50000 of 64 bytes failed: Only part of a ReadProcessMemory or WriteProcessMemory request was completed. (0x12B)
[0530/123847.518:WARNING:pe_image_reader.cc(340)] could not read dos header from C:\WINDOWS\System32\profapi.dll
[0530/123847.518:ERROR:process_memory_win.cc(73)] ReadMemory at 0x7ffcdf4e0000 of 64 bytes failed: Only part of a ReadProcessMemory or WriteProcessMemory request was completed. (0x12B)
[0530/123847.518:WARNING:pe_image_reader.cc(340)] could not read dos header from C:\WINDOWS\SYSTEM32\UIAutomationCore.DLL
[0530/123847.518:ERROR:process_memory_win.cc(73)] ReadMemory at 0x7ffcee960000 of 64 bytes failed: Only part of a ReadProcessMemory or WriteProcessMemory request was completed. (0x12B)
[0530/123847.518:WARNING:pe_image_reader.cc(340)] could not read dos header from C:\WINDOWS\SYSTEM32\DWrite.dll
[0530/123847.518:ERROR:process_memory_win.cc(73)] ReadMemory at 0x7ffcfc3c0000 of 64 bytes failed: Only part of a ReadProcessMemory or WriteProcessMemory request was completed. (0x12B)
[0530/123847.518:WARNING:pe_image_reader.cc(340)] could not read dos header from C:\WINDOWS\SYSTEM32\WINSPOOL.DRV
[0530/123847.518:ERROR:process_memory_win.cc(73)] ReadMemory at 0x7ffd09e10000 of 64 bytes failed: Only part of a ReadProcessMemory or WriteProcessMemory request was completed. (0x12B)
[0530/123847.518:WARNING:pe_image_reader.cc(340)] could not read dos header from C:\WINDOWS\System32\kernel.appcore.dll
[0530/123847.518:ERROR:process_memory_win.cc(73)] ReadMemory at 0x7ffd0aaa0000 of 64 bytes failed: Only part of a ReadProcessMemory or WriteProcessMemory request was completed. (0x12B)
[0530/123847.518:WARNING:pe_image_reader.cc(340)] could not read dos header from C:\WINDOWS\System32\bcrypt.dll
[0530/123847.518:ERROR:process_memory_win.cc(73)] ReadMemory at 0x7ffd04b70000 of 64 bytes failed: Only part of a ReadProcessMemory or WriteProcessMemory request was completed. (0x12B)
[0530/123847.518:WARNING:pe_image_reader.cc(340)] could not read dos header from C:\WINDOWS\SYSTEM32\dbghelp.dll
[0530/123847.518:ERROR:process_memory_win.cc(73)] ReadMemory at 0x7ffd033e0000 of 64 bytes failed: Only part of a ReadProcessMemory or WriteProcessMemory request was completed. (0x12B)
[0530/123847.518:WARNING:pe_image_reader.cc(340)] could not read dos header from C:\WINDOWS\SYSTEM32\WINHTTP.dll
[0530/123847.518:ERROR:process_memory_win.cc(73)] ReadMemory at 0x7ffd05220000 of 64 bytes failed: Only part of a ReadProcessMemory or WriteProcessMemory request was completed. (0x12B)
[0530/123847.518:WARNING:pe_image_reader.cc(340)] could not read dos header from C:\WINDOWS\SYSTEM32\dhcpcsvc.DLL
[0530/123847.518:ERROR:process_memory_win.cc(73)] ReadMemory at 0x7ffd0cd50000 of 64 bytes failed: Only part of a ReadProcessMemory or WriteProcessMemory request was completed. (0x12B)
[0530/123847.518:WARNING:pe_image_reader.cc(340)] could not read dos header from C:\WINDOWS\System32\NSI.dll
[0530/123847.518:ERROR:process_memory_win.cc(73)] ReadMemory at 0x7ffd00220000 of 64 bytes failed: Only part of a ReadProcessMemory or WriteProcessMemory request was completed. (0x12B)
[0530/123847.518:WARNING:pe_image_reader.cc(340)] could not read dos header from C:\WINDOWS\SYSTEM32\WINMMBASE.dll
[0530/123847.518:ERROR:process_memory_win.cc(73)] ReadMemory at 0x7ffd09f60000 of 64 bytes failed: Only part of a ReadProcessMemory or WriteProcessMemory request was completed. (0x12B)
[0530/123847.518:WARNING:pe_image_reader.cc(340)] could not read dos header from C:\WINDOWS\System32\cfgmgr32.dll
[0530/123847.518:ERROR:process_memory_win.cc(73)] ReadMemory at 0x7ffd05610000 of 64 bytes failed: Only part of a ReadProcessMemory or WriteProcessMemory request was completed. (0x12B)
[0530/123847.518:WARNING:pe_image_reader.cc(340)] could not read dos header from C:\WINDOWS\SYSTEM32\PROPSYS.dll
[0530/123847.518:ERROR:process_memory_win.cc(73)] ReadMemory at 0x7ffd0ca50000 of 64 bytes failed: Only part of a ReadProcessMemory or WriteProcessMemory request was completed. (0x12B)
[0530/123847.518:WARNING:pe_image_reader.cc(340)] could not read dos header from C:\WINDOWS\System32\shcore.dll
[0530/123847.518:ERROR:process_memory_win.cc(73)] ReadMemory at 0x7ffd09d20000 of 64 bytes failed: Only part of a ReadProcessMemory or WriteProcessMemory request was completed. (0x12B)
[0530/123847.518:WARNING:pe_image_reader.cc(340)] could not read dos header from C:\WINDOWS\SYSTEM32\SSPICLI.DLL
[0530/123847.518:ERROR:process_memory_win.cc(73)] ReadMemory at 0x7ffd0b370000 of 64 bytes failed: Only part of a ReadProcessMemory or WriteProcessMemory request was completed. (0x12B)
[0530/123847.518:WARNING:pe_image_reader.cc(340)] could not read dos header from C:\WINDOWS\System32\SHELL32.dll
[0530/123847.518:ERROR:process_memory_win.cc(73)] ReadMemory at 0x7ffd0a100000 of 64 bytes failed: Only part of a ReadProcessMemory or WriteProcessMemory request was completed. (0x12B)
[0530/123847.518:WARNING:pe_image_reader.cc(340)] could not read dos header from C:\WINDOWS\System32\windows.storage.dll
[0530/123847.518:ERROR:process_memory_win.cc(73)] ReadMemory at 0x7ffd09e80000 of 64 bytes failed: Only part of a ReadProcessMemory or WriteProcessMemory request was completed. (0x12B)
[0530/123847.518:WARNING:pe_image_reader.cc(340)] could not read dos header from C:\WINDOWS\System32\powrprof.dll
[0530/123847.518:ERROR:process_memory_win.cc(73)] ReadMemory at 0x7ffd09e00000 of 64 bytes failed: Only part of a ReadProcessMemory or WriteProcessMemory request was completed. (0x12B)
[0530/123847.518:WARNING:pe_image_reader.cc(340)] could not read dos header from C:\WINDOWS\System32\UMPDC.dll
[0530/123847.518:ERROR:process_memory_win.cc(73)] ReadMemory at 0x7ffd0ba60000 of 64 bytes failed: Only part of a ReadProcessMemory or WriteProcessMemory request was completed. (0x12B)
[0530/123847.518:WARNING:pe_image_reader.cc(340)] could not read dos header from C:\WINDOWS\System32\shlwapi.dll
[0530/123847.518:ERROR:process_memory_win.cc(73)] ReadMemory at 0x18b001d0000 of 64 bytes failed: Only part of a ReadProcessMemory or WriteProcessMemory request was completed. (0x12B)
[0530/123847.518:WARNING:pe_image_reader.cc(340)] could not read dos header from C:\WINDOWS\System32\GDI32.dll
[0530/123847.518:ERROR:process_memory_win.cc(73)] ReadMemory at 0x7ffd09ed0000 of 64 bytes failed: Only part of a ReadProcessMemory or WriteProcessMemory request was completed. (0x12B)
[0530/123847.518:WARNING:pe_image_reader.cc(340)] could not read dos header from C:\WINDOWS\System32\win32u.dll
[0530/123847.518:ERROR:process_memory_win.cc(73)] ReadMemory at 0x7ffd0a900000 of 64 bytes failed: Only part of a ReadProcessMemory or WriteProcessMemory request was completed. (0x12B)
[0530/123847.518:WARNING:pe_image_reader.cc(340)] could not read dos header from C:\WINDOWS\System32\gdi32full.dll
[0530/123847.518:ERROR:process_memory_win.cc(73)] ReadMemory at 0x7ffd0cd60000 of 64 bytes failed: Only part of a ReadProcessMemory or WriteProcessMemory request was completed. (0x12B)
[0530/123847.518:WARNING:pe_image_reader.cc(340)] could not read dos header from C:\WINDOWS\System32\USER32.dll
[0530/123847.518:ERROR:process_memory_win.cc(73)] ReadMemory at 0x7ffd0ab80000 of 64 bytes failed: Only part of a ReadProcessMemory or WriteProcessMemory request was completed. (0x12B)
[0530/123847.518:WARNING:pe_image_reader.cc(340)] could not read dos header from C:\WINDOWS\System32\cryptsp.dll
[0530/123847.518:ERROR:process_memory_win.cc(73)] ReadMemory at 0x7ffd0b160000 of 64 bytes failed: Only part of a ReadProcessMemory or WriteProcessMemory request was completed. (0x12B)
[0530/123847.518:WARNING:pe_image_reader.cc(340)] could not read dos header from C:\WINDOWS\System32\IMM32.DLL
[0530/123847.518:ERROR:process_memory_win.cc(73)] ReadMemory at 0x7ffd097e0000 of 64 bytes failed: Only part of a ReadProcessMemory or WriteProcessMemory request was completed. (0x12B)
[0530/123847.518:WARNING:pe_image_reader.cc(340)] could not read dos header from C:\WINDOWS\SYSTEM32\CRYPTBASE.DLL
[0530/123847.518:ERROR:process_memory_win.cc(73)] ReadMemory at 0x7ff634f50000 of 64 bytes failed: Only part of a ReadProcessMemory or WriteProcessMemory request was completed. (0x12B)
[0530/123847.518:WARNING:pe_image_reader.cc(340)] could not read dos header from C:\Program Files (x86)\Google\Chrome\Application\chrome.exe
[0530/123847.518:ERROR:process_memory_win.cc(73)] ReadMemory at 0x7ffd0cf40000 of 64 bytes failed: Only part of a ReadProcessMemory or WriteProcessMemory request was completed. (0x12B)
[0530/123847.518:WARNING:pe_image_reader.cc(340)] could not read dos header from C:\WINDOWS\SYSTEM32\ntdll.dll
[0530/123847.518:ERROR:process_memory_win.cc(73)] ReadMemory at 0x7ffd0c380000 of 64 bytes failed: Only part of a ReadProcessMemory or WriteProcessMemory request was completed. (0x12B)
[0530/123847.518:WARNING:pe_image_reader.cc(340)] could not read dos header from C:\WINDOWS\System32\KERNEL32.DLL
[0530/123847.518:ERROR:process_memory_win.cc(73)] ReadMemory at 0x7ffd0aca0000 of 64 bytes failed: Only part of a ReadProcessMemory or WriteProcessMemory request was completed. (0x12B)
[0530/123847.518:WARNING:pe_image_reader.cc(340)] could not read dos header from C:\WINDOWS\System32\KERNELBASE.dll
[0530/123847.518:ERROR:process_memory_win.cc(73)] ReadMemory at 0x7ffcc6c80000 of 64 bytes failed: Only part of a ReadProcessMemory or WriteProcessMemory request was completed. (0x12B)
[0530/123847.518:WARNING:pe_image_reader.cc(340)] could not read dos header from C:\Program Files (x86)\Google\Chrome\Application\83.0.4103.61\chrome_elf.dll
[0530/123847.518:ERROR:process_memory_win.cc(73)] ReadMemory at 0x7ffd04e20000 of 64 bytes failed: Only part of a ReadProcessMemory or WriteProcessMemory request was completed. (0x12B)
[0530/123847.518:WARNING:pe_image_reader.cc(340)] could not read dos header from C:\WINDOWS\SYSTEM32\VERSION.dll
[0530/123847.518:ERROR:process_memory_win.cc(73)] ReadMemory at 0x7ffd0b010000 of 64 bytes failed: Only part of a ReadProcessMemory or WriteProcessMemory request was completed. (0x12B)
[0530/123847.518:WARNING:pe_image_reader.cc(340)] could not read dos header from C:\WINDOWS\System32\msvcrt.dll
[0530/123847.518:ERROR:process_memory_win.cc(73)] ReadMemory at 0x7ffd0a880000 of 64 bytes failed: Only part of a ReadProcessMemory or WriteProcessMemory request was completed. (0x12B)
[0530/123847.518:WARNING:pe_image_reader.cc(340)] could not read dos header from C:\WINDOWS\System32\bcryptPrimitives.dll
[0530/123847.518:ERROR:process_memory_win.cc(73)] ReadMemory at 0x7ffd0b0b0000 of 64 bytes failed: Only part of a ReadProcessMemory or WriteProcessMemory request was completed. (0x12B)
[0530/123847.518:WARNING:pe_image_reader.cc(340)] could not read dos header from C:\WINDOWS\System32\ADVAPI32.dll
[0530/123847.518:ERROR:process_memory_win.cc(73)] ReadMemory at 0x7ffd0b2d0000 of 64 bytes failed: Only part of a ReadProcessMemory or WriteProcessMemory request was completed. (0x12B)
[0530/123847.518:WARNING:pe_image_reader.cc(340)] could not read dos header from C:\WINDOWS\System32\sechost.dll
[0530/123847.518:ERROR:process_memory_win.cc(73)] ReadMemory at 0x7ffd0cb00000 of 64 bytes failed: Only part of a ReadProcessMemory or WriteProcessMemory request was completed. (0x12B)
[0530/123847.518:WARNING:pe_image_reader.cc(340)] could not read dos header from C:\WINDOWS\System32\RPCRT4.dll
[0530/123847.518:ERROR:process_memory_win.cc(73)] ReadMemory at 0x7ffc9dd30000 of 64 bytes failed: Only part of a ReadProcessMemory or WriteProcessMemory request was completed. (0x12B)
[0530/123847.518:WARNING:pe_image_reader.cc(340)] could not read dos header from C:\Program Files (x86)\Google\Chrome\Application\83.0.4103.61\chrome.dll
[0530/123847.518:ERROR:process_memory_win.cc(73)] ReadMemory at 0x7ffd0bc20000 of 64 bytes failed: Only part of a ReadProcessMemory or WriteProcessMemory request was completed. (0x12B)
[0530/123847.518:WARNING:pe_image_reader.cc(340)] could not read dos header from C:\WINDOWS\System32\WS2_32.dll
[0530/123847.518:ERROR:process_memory_win.cc(73)] ReadMemory at 0x7ffd0be30000 of 64 bytes failed: Only part of a ReadProcessMemory or WriteProcessMemory request was completed. (0x12B)
[0530/123847.518:WARNING:pe_image_reader.cc(340)] could not read dos header from C:\WINDOWS\System32\OLEAUT32.dll
[0530/123847.518:ERROR:process_memory_win.cc(73)] ReadMemory at 0x7ffd0af50000 of 64 bytes failed: Only part of a ReadProcessMemory or WriteProcessMemory request was completed. (0x12B)
[0530/123847.518:WARNING:pe_image_reader.cc(340)] could not read dos header from C:\WINDOWS\System32\msvcp_win.dll
[0530/123847.518:ERROR:process_memory_win.cc(73)] ReadMemory at 0x7ffd0aba0000 of 64 bytes failed: Only part of a ReadProcessMemory or WriteProcessMemory request was completed. (0x12B)
[0530/123847.518:WARNING:pe_image_reader.cc(340)] could not read dos header from C:\WINDOWS\System32\ucrtbase.dll
[0530/123847.518:ERROR:process_memory_win.cc(73)] ReadMemory at 0x7ffd0c470000 of 64 bytes failed: Only part of a ReadProcessMemory or WriteProcessMemory request was completed. (0x12B)
[0530/123847.518:WARNING:pe_image_reader.cc(340)] could not read dos header from C:\WINDOWS\System32\combase.dll
[0530/123847.518:ERROR:process_memory_win.cc(73)] ReadMemory at 0x7ffd09f00000 of 64 bytes failed: Only part of a ReadProcessMemory or WriteProcessMemory request was completed. (0x12B)
[0530/123847.518:WARNING:pe_image_reader.cc(340)] could not read dos header from C:\WINDOWS\System32\WINTRUST.dll
[0530/123847.518:ERROR:process_memory_win.cc(73)] ReadMemory at 0x7ffd09e30000 of 64 bytes failed: Only part of a ReadProcessMemory or WriteProcessMemory request was completed. (0x12B)
[0530/123847.518:WARNING:pe_image_reader.cc(340)] could not read dos header from C:\WINDOWS\System32\MSASN1.dll
[0530/123847.518:ERROR:process_memory_win.cc(73)] ReadMemory at 0x7ffd09fb0000 of 64 bytes failed: Only part of a ReadProcessMemory or WriteProcessMemory request was completed. (0x12B)
[0530/123847.518:WARNING:pe_image_reader.cc(340)] could not read dos header from C:\WINDOWS\System32\CRYPT32.dll
[0530/123847.518:ERROR:process_memory_win.cc(73)] ReadMemory at 0x7ffd09320000 of 64 bytes failed: Only part of a ReadProcessMemory or WriteProcessMemory request was completed. (0x12B)
[0530/123847.518:WARNING:pe_image_reader.cc(340)] could not read dos header from C:\WINDOWS\SYSTEM32\IPHLPAPI.DLL
[0530/123847.518:ERROR:process_memory_win.cc(73)] ReadMemory at 0x7ffd00250000 of 64 bytes failed: Only part of a ReadProcessMemory or WriteProcessMemory request was completed. (0x12B)
[0530/123847.518:WARNING:pe_image_reader.cc(340)] could not read dos header from C:\WINDOWS\SYSTEM32\WINMM.dll
[0530/123847.518:ERROR:process_memory_win.cc(73)] ReadMemory at 0x7ffd09050000 of 64 bytes failed: Only part of a ReadProcessMemory or WriteProcessMemory request was completed. (0x12B)
[0530/123847.518:WARNING:pe_image_reader.cc(340)] could not read dos header from C:\WINDOWS\SYSTEM32\Secur32.dll
[0530/123847.518:ERROR:process_memory_win.cc(73)] ReadMemory at 0x7ffd09cf0000 of 64 bytes failed: Only part of a ReadProcessMemory or WriteProcessMemory request was completed. (0x12B)
[0530/123847.518:WARNING:pe_image_reader.cc(340)] could not read dos header from C:\WINDOWS\SYSTEM32\USERENV.dll
[0530/123847.518:ERROR:process_memory_win.cc(73)] ReadMemory at 0x7ffd09e50000 of 64 bytes failed: Only part of a ReadProcessMemory or WriteProcessMemory request was completed. (0x12B)
[0530/123847.518:WARNING:pe_image_reader.cc(340)] could not read dos header from C:\WINDOWS\System32\profapi.dll
[0530/123847.518:ERROR:process_memory_win.cc(73)] ReadMemory at 0x7ffcdf4e0000 of 64 bytes failed: Only part of a ReadProcessMemory or WriteProcessMemory request was completed. (0x12B)
[0530/123847.518:WARNING:pe_image_reader.cc(340)] could not read dos header from C:\WINDOWS\SYSTEM32\UIAutomationCore.DLL
[0530/123847.518:ERROR:process_memory_win.cc(73)] ReadMemory at 0x7ffcee960000 of 64 bytes failed: Only part of a ReadProcessMemory or WriteProcessMemory request was completed. (0x12B)
[0530/123847.518:WARNING:pe_image_reader.cc(340)] could not read dos header from C:\WINDOWS\SYSTEM32\DWrite.dll
[0530/123847.518:ERROR:process_memory_win.cc(73)] ReadMemory at 0x7ffcfc3c0000 of 64 bytes failed: Only part of a ReadProcessMemory or WriteProcessMemory request was completed. (0x12B)
[0530/123847.518:WARNING:pe_image_reader.cc(340)] could not read dos header from C:\WINDOWS\SYSTEM32\WINSPOOL.DRV
[0530/123847.518:ERROR:process_memory_win.cc(73)] ReadMemory at 0x7ffd09e10000 of 64 bytes failed: Only part of a ReadProcessMemory or WriteProcessMemory request was completed. (0x12B)
[0530/123847.518:WARNING:pe_image_reader.cc(340)] could not read dos header from C:\WINDOWS\System32\kernel.appcore.dll
[0530/123847.518:ERROR:process_memory_win.cc(73)] ReadMemory at 0x7ffd0aaa0000 of 64 bytes failed: Only part of a ReadProcessMemory or WriteProcessMemory request was completed. (0x12B)
[0530/123847.518:WARNING:pe_image_reader.cc(340)] could not read dos header from C:\WINDOWS\System32\bcrypt.dll
[0530/123847.518:ERROR:process_memory_win.cc(73)] ReadMemory at 0x7ffd04b70000 of 64 bytes failed: Only part of a ReadProcessMemory or WriteProcessMemory request was completed. (0x12B)
[0530/123847.518:WARNING:pe_image_reader.cc(340)] could not read dos header from C:\WINDOWS\SYSTEM32\dbghelp.dll
[0530/123847.518:ERROR:process_memory_win.cc(73)] ReadMemory at 0x7ffd033e0000 of 64 bytes failed: Only part of a ReadProcessMemory or WriteProcessMemory request was completed. (0x12B)
[0530/123847.518:WARNING:pe_image_reader.cc(340)] could not read dos header from C:\WINDOWS\SYSTEM32\WINHTTP.dll
[0530/123847.518:ERROR:process_memory_win.cc(73)] ReadMemory at 0x7ffd05220000 of 64 bytes failed: Only part of a ReadProcessMemory or WriteProcessMemory request was completed. (0x12B)
[0530/123847.518:WARNING:pe_image_reader.cc(340)] could not read dos header from C:\WINDOWS\SYSTEM32\dhcpcsvc.DLL
[0530/123847.518:ERROR:process_memory_win.cc(73)] ReadMemory at 0x7ffd0cd50000 of 64 bytes failed: Only part of a ReadProcessMemory or WriteProcessMemory request was completed. (0x12B)
[0530/123847.518:WARNING:pe_image_reader.cc(340)] could not read dos header from C:\WINDOWS\System32\NSI.dll
[0530/123847.518:ERROR:process_memory_win.cc(73)] ReadMemory at 0x7ffd00220000 of 64 bytes failed: Only part of a ReadProcessMemory or WriteProcessMemory request was completed. (0x12B)
[0530/123847.518:WARNING:pe_image_reader.cc(340)] could not read dos header from C:\WINDOWS\SYSTEM32\WINMMBASE.dll
[0530/123847.518:ERROR:process_memory_win.cc(73)] ReadMemory at 0x7ffd09f60000 of 64 bytes failed: Only part of a ReadProcessMemory or WriteProcessMemory request was completed. (0x12B)
[0530/123847.518:WARNING:pe_image_reader.cc(340)] could not read dos header from C:\WINDOWS\System32\cfgmgr32.dll
[0530/123847.518:ERROR:process_memory_win.cc(73)] ReadMemory at 0x7ffd05610000 of 64 bytes failed: Only part of a ReadProcessMemory or WriteProcessMemory request was completed. (0x12B)
[0530/123847.518:WARNING:pe_image_reader.cc(340)] could not read dos header from C:\WINDOWS\SYSTEM32\PROPSYS.dll
[0530/123847.518:ERROR:process_memory_win.cc(73)] ReadMemory at 0x7ffd0ca50000 of 64 bytes failed: Only part of a ReadProcessMemory or WriteProcessMemory request was completed. (0x12B)
[0530/123847.518:WARNING:pe_image_reader.cc(340)] could not read dos header from C:\WINDOWS\System32\shcore.dll
[0530/123847.518:ERROR:process_memory_win.cc(73)] ReadMemory at 0x7ffd09d20000 of 64 bytes failed: Only part of a ReadProcessMemory or WriteProcessMemory request was completed. (0x12B)
[0530/123847.518:WARNING:pe_image_reader.cc(340)] could not read dos header from C:\WINDOWS\SYSTEM32\SSPICLI.DLL
[0530/123847.518:ERROR:process_memory_win.cc(73)] ReadMemory at 0x7ffd0b370000 of 64 bytes failed: Only part of a ReadProcessMemory or WriteProcessMemory request was completed. (0x12B)
[0530/123847.518:WARNING:pe_image_reader.cc(340)] could not read dos header from C:\WINDOWS\System32\SHELL32.dll
[0530/123847.518:ERROR:process_memory_win.cc(73)] ReadMemory at 0x7ffd0a100000 of 64 bytes failed: Only part of a ReadProcessMemory or WriteProcessMemory request was completed. (0x12B)
[0530/123847.518:WARNING:pe_image_reader.cc(340)] could not read dos header from C:\WINDOWS\System32\windows.storage.dll
[0530/123847.518:ERROR:process_memory_win.cc(73)] ReadMemory at 0x7ffd09e80000 of 64 bytes failed: Only part of a ReadProcessMemory or WriteProcessMemory request was completed. (0x12B)
[0530/123847.518:WARNING:pe_image_reader.cc(340)] could not read dos header from C:\WINDOWS\System32\powrprof.dll
[0530/123847.518:ERROR:process_memory_win.cc(73)] ReadMemory at 0x7ffd09e00000 of 64 bytes failed: Only part of a ReadProcessMemory or WriteProcessMemory request was completed. (0x12B)
[0530/123847.518:WARNING:pe_image_reader.cc(340)] could not read dos header from C:\WINDOWS\System32\UMPDC.dll
[0530/123847.518:ERROR:process_memory_win.cc(73)] ReadMemory at 0x7ffd0ba60000 of 64 bytes failed: Only part of a ReadProcessMemory or WriteProcessMemory request was completed. (0x12B)
[0530/123847.518:WARNING:pe_image_reader.cc(340)] could not read dos header from C:\WINDOWS\System32\shlwapi.dll
[0530/123847.518:ERROR:process_memory_win.cc(73)] ReadMemory at 0x18b001d0000 of 64 bytes failed: Only part of a ReadProcessMemory or WriteProcessMemory request was completed. (0x12B)
[0530/123847.518:WARNING:pe_image_reader.cc(340)] could not read dos header from C:\WINDOWS\System32\GDI32.dll
[0530/123847.518:ERROR:process_memory_win.cc(73)] ReadMemory at 0x7ffd09ed0000 of 64 bytes failed: Only part of a ReadProcessMemory or WriteProcessMemory request was completed. (0x12B)
[0530/123847.518:WARNING:pe_image_reader.cc(340)] could not read dos header from C:\WINDOWS\System32\win32u.dll
[0530/123847.518:ERROR:process_memory_win.cc(73)] ReadMemory at 0x7ffd0a900000 of 64 bytes failed: Only part of a ReadProcessMemory or WriteProcessMemory request was completed. (0x12B)
[0530/123847.518:WARNING:pe_image_reader.cc(340)] could not read dos header from C:\WINDOWS\System32\gdi32full.dll
[0530/123847.518:ERROR:process_memory_win.cc(73)] ReadMemory at 0x7ffd0cd60000 of 64 bytes failed: Only part of a ReadProcessMemory or WriteProcessMemory request was completed. (0x12B)
[0530/123847.518:WARNING:pe_image_reader.cc(340)] could not read dos header from C:\WINDOWS\System32\USER32.dll
[0530/123847.518:ERROR:process_memory_win.cc(73)] ReadMemory at 0x7ffd0ab80000 of 64 bytes failed: Only part of a ReadProcessMemory or WriteProcessMemory request was completed. (0x12B)
[0530/123847.518:WARNING:pe_image_reader.cc(340)] could not read dos header from C:\WINDOWS\System32\cryptsp.dll
[0530/123847.518:ERROR:process_memory_win.cc(73)] ReadMemory at 0x7ffd0b160000 of 64 bytes failed: Only part of a ReadProcessMemory or WriteProcessMemory request was completed. (0x12B)
[0530/123847.518:WARNING:pe_image_reader.cc(340)] could not read dos header from C:\WINDOWS\System32\IMM32.DLL
[0530/123847.518:ERROR:process_memory_win.cc(73)] ReadMemory at 0x7ffd097e0000 of 64 bytes failed: Only part of a ReadProcessMemory or WriteProcessMemory request was completed. (0x12B)
[0530/123847.518:WARNING:pe_image_reader.cc(340)] could not read dos header from C:\WINDOWS\SYSTEM32\CRYPTBASE.DLL
[0530/123847.549:ERROR:process_memory_win.cc(73)] ReadMemory at 0x52c77e2000 of 122880 bytes failed: Only part of a ReadProcessMemory or WriteProcessMemory request was completed. (0x12B)
[0530/123847.549:ERROR:process_memory_win.cc(73)] ReadMemory at 0x52c7ffd000 of 12288 bytes failed: Only part of a ReadProcessMemory or WriteProcessMemory request was completed. (0x12B)
[0530/123847.549:ERROR:process_memory_win.cc(73)] ReadMemory at 0x52c87f4000 of 49152 bytes failed: Only part of a ReadProcessMemory or WriteProcessMemory request was completed. (0x12B)
[0530/123847.549:ERROR:process_memory_win.cc(73)] ReadMemory at 0x52c8ffd000 of 12288 bytes failed: Only part of a ReadProcessMemory or WriteProcessMemory request was completed. (0x12B)
[0530/123847.549:ERROR:process_memory_win.cc(73)] ReadMemory at 0x52c97fc000 of 16384 bytes failed: Only part of a ReadProcessMemory or WriteProcessMemory request was completed. (0x12B)
[0530/123847.549:ERROR:process_memory_win.cc(73)] ReadMemory at 0x52c9ffe000 of 8192 bytes failed: Only part of a ReadProcessMemory or WriteProcessMemory request was completed. (0x12B)
[0530/123847.549:ERROR:process_memory_win.cc(73)] ReadMemory at 0x52ca7fc000 of 16384 bytes failed: Only part of a ReadProcessMemory or WriteProcessMemory request was completed. (0x12B)
[0530/123847.549:ERROR:process_memory_win.cc(73)] ReadMemory at 0x52caffb000 of 20480 bytes failed: Only part of a ReadProcessMemory or WriteProcessMemory request was completed. (0x12B)
[0530/123847.549:ERROR:process_memory_win.cc(73)] ReadMemory at 0x52cb7fd000 of 12288 bytes failed: Only part of a ReadProcessMemory or WriteProcessMemory request was completed. (0x12B)
[0530/123847.549:ERROR:process_memory_win.cc(73)] ReadMemory at 0x52cbffa000 of 24576 bytes failed: Only part of a ReadProcessMemory or WriteProcessMemory request was completed. (0x12B)
[0530/123847.549:ERROR:process_memory_win.cc(73)] ReadMemory at 0x52cc7fb000 of 20480 bytes failed: Only part of a ReadProcessMemory or WriteProcessMemory request was completed. (0x12B)
[0530/123847.549:ERROR:process_memory_win.cc(73)] ReadMemory at 0x52ccffd000 of 12288 bytes failed: Only part of a ReadProcessMemory or WriteProcessMemory request was completed. (0x12B)
[0530/123847.549:ERROR:process_memory_win.cc(73)] ReadMemory at 0x52cd7fd000 of 12288 bytes failed: Only part of a ReadProcessMemory or WriteProcessMemory request was completed. (0x12B)
[0530/123847.549:ERROR:process_memory_win.cc(73)] ReadMemory at 0x52cdff5000 of 45056 bytes failed: Only part of a ReadProcessMemory or WriteProcessMemory request was completed. (0x12B)
[0530/123847.549:ERROR:process_memory_win.cc(73)] ReadMemory at 0x52ce7f5000 of 45056 bytes failed: Only part of a ReadProcessMemory or WriteProcessMemory request was completed. (0x12B)
[0530/123847.549:ERROR:process_memory_win.cc(73)] ReadMemory at 0x52ceff8000 of 32768 bytes failed: Only part of a ReadProcessMemory or WriteProcessMemory request was completed. (0x12B)
[0530/123847.549:ERROR:process_memory_win.cc(73)] ReadMemory at 0x52cf7f8000 of 32768 bytes failed: Only part of a ReadProcessMemory or WriteProcessMemory request was completed. (0x12B)
[0530/123847.549:ERROR:process_memory_win.cc(73)] ReadMemory at 0x52cfff7000 of 36864 bytes failed: Only part of a ReadProcessMemory or WriteProcessMemory request was completed. (0x12B)
[0530/123847.549:ERROR:process_memory_win.cc(73)] ReadMemory at 0x52d07f9000 of 28672 bytes failed: Only part of a ReadProcessMemory or WriteProcessMemory request was completed. (0x12B)
[0530/123847.549:ERROR:process_memory_win.cc(73)] ReadMemory at 0x52d0ff5000 of 45056 bytes failed: Only part of a ReadProcessMemory or WriteProcessMemory request was completed. (0x12B)
[0530/123847.549:ERROR:process_memory_win.cc(73)] ReadMemory at 0x52d17f4000 of 49152 bytes failed: Only part of a ReadProcessMemory or WriteProcessMemory request was completed. (0x12B)
[0530/123847.549:ERROR:process_memory_win.cc(73)] ReadMemory at 0x52c6f6c000 of 852 bytes failed: Only part of a ReadProcessMemory or WriteProcessMemory request was completed. (0x12B)
[0530/123847.564:ERROR:process_memory_win.cc(73)] ReadMemory at 0x52c6f6d000 of 6024 bytes failed: Only part of a ReadProcessMemory or WriteProcessMemory request was completed. (0x12B)
[0530/123847.564:ERROR:process_memory_win.cc(73)] ReadMemory at 0x52c6f6f000 of 6024 bytes failed: Only part of a ReadProcessMemory or WriteProcessMemory request was completed. (0x12B)
[0530/123847.564:ERROR:process_memory_win.cc(73)] ReadMemory at 0x52c6f71000 of 6024 bytes failed: Only part of a ReadProcessMemory or WriteProcessMemory request was completed. (0x12B)
[0530/123847.564:ERROR:process_memory_win.cc(73)] ReadMemory at 0x52c6f73000 of 6024 bytes failed: Only part of a ReadProcessMemory or WriteProcessMemory request was completed. (0x12B)
[0530/123847.564:ERROR:process_memory_win.cc(73)] ReadMemory at 0x52c6f75000 of 6024 bytes failed: Only part of a ReadProcessMemory or WriteProcessMemory request was completed. (0x12B)
[0530/123847.564:ERROR:process_memory_win.cc(73)] ReadMemory at 0x52c6f77000 of 6024 bytes failed: Only part of a ReadProcessMemory or WriteProcessMemory request was completed. (0x12B)
[0530/123847.564:ERROR:process_memory_win.cc(73)] ReadMemory at 0x52c6f79000 of 6024 bytes failed: Only part of a ReadProcessMemory or WriteProcessMemory request was completed. (0x12B)
[0530/123847.564:ERROR:process_memory_win.cc(73)] ReadMemory at 0x52c6f7b000 of 6024 bytes failed: Only part of a ReadProcessMemory or WriteProcessMemory request was completed. (0x12B)
[0530/123847.564:ERROR:process_memory_win.cc(73)] ReadMemory at 0x52c6f7d000 of 6024 bytes failed: Only part of a ReadProcessMemory or WriteProcessMemory request was completed. (0x12B)
[0530/123847.564:ERROR:process_memory_win.cc(73)] ReadMemory at 0x52c6f7f000 of 6024 bytes failed: Only part of a ReadProcessMemory or WriteProcessMemory request was completed. (0x12B)
[0530/123847.564:ERROR:process_memory_win.cc(73)] ReadMemory at 0x52c6f81000 of 6024 bytes failed: Only part of a ReadProcessMemory or WriteProcessMemory request was completed. (0x12B)
[0530/123847.564:ERROR:process_memory_win.cc(73)] ReadMemory at 0x52c6f83000 of 6024 bytes failed: Only part of a ReadProcessMemory or WriteProcessMemory request was completed. (0x12B)
[0530/123847.564:ERROR:process_memory_win.cc(73)] ReadMemory at 0x52c6f85000 of 6024 bytes failed: Only part of a ReadProcessMemory or WriteProcessMemory request was completed. (0x12B)
[0530/123847.564:ERROR:process_memory_win.cc(73)] ReadMemory at 0x52c6f87000 of 6024 bytes failed: Only part of a ReadProcessMemory or WriteProcessMemory request was completed. (0x12B)
[0530/123847.564:ERROR:process_memory_win.cc(73)] ReadMemory at 0x52c6f89000 of 6024 bytes failed: Only part of a ReadProcessMemory or WriteProcessMemory request was completed. (0x12B)
[0530/123847.564:ERROR:process_memory_win.cc(73)] ReadMemory at 0x52c6f8b000 of 6024 bytes failed: Only part of a ReadProcessMemory or WriteProcessMemory request was completed. (0x12B)
[0530/123847.564:ERROR:process_memory_win.cc(73)] ReadMemory at 0x52c6f8d000 of 6024 bytes failed: Only part of a ReadProcessMemory or WriteProcessMemory request was completed. (0x12B)
[0530/123847.564:ERROR:process_memory_win.cc(73)] ReadMemory at 0x52c6f8f000 of 6024 bytes failed: Only part of a ReadProcessMemory or WriteProcessMemory request was completed. (0x12B)
[0530/123847.564:ERROR:process_memory_win.cc(73)] ReadMemory at 0x52c6f91000 of 6024 bytes failed: Only part of a ReadProcessMemory or WriteProcessMemory request was completed. (0x12B)
[0530/123847.564:ERROR:process_memory_win.cc(73)] ReadMemory at 0x52c6f93000 of 6024 bytes failed: Only part of a ReadProcessMemory or WriteProcessMemory request was completed. (0x12B)
[0530/123847.564:ERROR:process_memory_win.cc(73)] ReadMemory at 0x52c6f95000 of 6024 bytes failed: Only part of a ReadProcessMemory or WriteProcessMemory request was completed. (0x12B)
[0530/123847.564:ERROR:process_memory_win.cc(73)] ReadMemory at 0x18b00040d00 of 512 bytes failed: Only part of a ReadProcessMemory or WriteProcessMemory request was completed. (0x12B)
[0530/123847.564:ERROR:process_memory_win.cc(73)] ReadMemory at 0x18b00060000 of 384 bytes failed: Only part of a ReadProcessMemory or WriteProcessMemory request was completed. (0x12B)
[0530/123847.564:ERROR:process_memory_win.cc(73)] ReadMemory at 0x18b000932c8 of 512 bytes failed: Only part of a ReadProcessMemory or WriteProcessMemory request was completed. (0x12B)
[0530/123847.564:ERROR:process_memory_win.cc(73)] ReadMemory at 0x18b0009ee80 of 712 bytes failed: Only part of a ReadProcessMemory or WriteProcessMemory request was completed. (0x12B)
[0530/123847.564:ERROR:process_memory_win.cc(73)] ReadMemory at 0x18b000a1b70 of 512 bytes failed: Only part of a ReadProcessMemory or WriteProcessMemory request was completed. (0x12B)
[0530/123847.564:ERROR:process_memory_win.cc(73)] ReadMemory at 0x18b000acd50 of 512 bytes failed: Only part of a ReadProcessMemory or WriteProcessMemory request was completed. (0x12B)
[0530/123847.564:ERROR:process_memory_win.cc(73)] ReadMemory at 0x18b000c12f0 of 512 bytes failed: Only part of a ReadProcessMemory or WriteProcessMemory request was completed. (0x12B)
[0530/123847.564:ERROR:process_memory_win.cc(73)] ReadMemory at 0x18b01a19f60 of 512 bytes failed: Only part of a ReadProcessMemory or WriteProcessMemory request was completed. (0x12B)
[0530/123847.564:ERROR:process_memory_win.cc(73)] ReadMemory at 0x18b01a5ae00 of 512 bytes failed: Only part of a ReadProcessMemory or WriteProcessMemory request was completed. (0x12B)
[0530/123847.564:ERROR:process_memory_win.cc(73)] ReadMemory at 0x18b02a3b3b3 of 512 bytes failed: Only part of a ReadProcessMemory or WriteProcessMemory request was completed. (0x12B)
[0530/123847.564:ERROR:process_memory_win.cc(73)] ReadMemory at 0x18b02a3b938 of 512 bytes failed: Only part of a ReadProcessMemory or WriteProcessMemory request was completed. (0x12B)
[0530/123847.564:ERROR:process_memory_win.cc(73)] ReadMemory at 0x18b06ef8138 of 512 bytes failed: Only part of a ReadProcessMemory or WriteProcessMemory request was completed. (0x12B)
[0530/123847.564:ERROR:process_memory_win.cc(73)] ReadMemory at 0x18b0963f9a0 of 512 bytes failed: Only part of a ReadProcessMemory or WriteProcessMemory request was completed. (0x12B)
[0530/123847.564:ERROR:process_memory_win.cc(73)] ReadMemory at 0x18b0ab33331 of 512 bytes failed: Only part of a ReadProcessMemory or WriteProcessMemory request was completed. (0x12B)
[0530/123847.564:ERROR:process_memory_win.cc(73)] ReadMemory at 0x18b7bfd0fe0 of 5432 bytes failed: Only part of a ReadProcessMemory or WriteProcessMemory request was completed. (0x12B)
[0530/123847.564:ERROR:process_memory_win.cc(73)] ReadMemory at 0x18b7bfd2520 of 1012 bytes failed: Only part of a ReadProcessMemory or WriteProcessMemory request was completed. (0x12B)
[0530/123847.564:ERROR:process_memory_win.cc(73)] ReadMemory at 0x18b7bfd2b68 of 118 bytes failed: Only part of a ReadProcessMemory or WriteProcessMemory request was completed. (0x12B)
[0530/123847.564:ERROR:process_memory_win.cc(73)] ReadMemory at 0x18b7bfd2be0 of 1268 bytes failed: Only part of a ReadProcessMemory or WriteProcessMemory request was completed. (0x12B)
[0530/123847.564:ERROR:process_memory_win.cc(73)] ReadMemory at 0x18b7bfd30d6 of 118 bytes failed: Only part of a ReadProcessMemory or WriteProcessMemory request was completed. (0x12B)
[0530/123847.564:ERROR:process_memory_win.cc(73)] ReadMemory at 0x18b7bfd314e of 102 bytes failed: Only part of a ReadProcessMemory or WriteProcessMemory request was completed. (0x12B)
[0530/123847.564:ERROR:process_memory_win.cc(73)] ReadMemory at 0x18b7bfd31c0 of 58 bytes failed: Only part of a ReadProcessMemory or WriteProcessMemory request was completed. (0x12B)
[0530/123847.564:ERROR:process_memory_win.cc(73)] ReadMemory at 0x18b7bfd32c0 of 132 bytes failed: Only part of a ReadProcessMemory or WriteProcessMemory request was completed. (0x12B)
[0530/123847.564:ERROR:process_memory_win.cc(73)] ReadMemory at 0x18b7bfd3450 of 132 bytes failed: Only part of a ReadProcessMemory or WriteProcessMemory request was completed. (0x12B)
[0530/123847.564:ERROR:process_memory_win.cc(73)] ReadMemory at 0x18b7bfd3610 of 124 bytes failed: Only part of a ReadProcessMemory or WriteProcessMemory request was completed. (0x12B)
[0530/123847.564:ERROR:process_memory_win.cc(73)] ReadMemory at 0x18b7bfd39f0 of 132 bytes failed: Only part of a ReadProcessMemory or WriteProcessMemory request was completed. (0x12B)
[0530/123847.564:ERROR:process_memory_win.cc(73)] ReadMemory at 0x18b7bfd3b80 of 64 bytes failed: Only part of a ReadProcessMemory or WriteProcessMemory request was completed. (0x12B)
[0530/123847.564:ERROR:process_memory_win.cc(73)] ReadMemory at 0x18b7bfd3bd0 of 132 bytes failed: Only part of a ReadProcessMemory or WriteProcessMemory request was completed. (0x12B)
[0530/123847.564:ERROR:process_memory_win.cc(73)] ReadMemory at 0x18b7bfd3d40 of 132 bytes failed: Only part of a ReadProcessMemory or WriteProcessMemory request was completed. (0x12B)
[0530/123847.564:ERROR:process_memory_win.cc(73)] ReadMemory at 0x18b7bfd3fe0 of 132 bytes failed: Only part of a ReadProcessMemory or WriteProcessMemory request was completed. (0x12B)
[0530/123847.564:ERROR:process_memory_win.cc(73)] ReadMemory at 0x18b7bfd4170 of 68 bytes failed: Only part of a ReadProcessMemory or WriteProcessMemory request was completed. (0x12B)
[0530/123847.564:ERROR:process_memory_win.cc(73)] ReadMemory at 0x18b7bfd5340 of 132 bytes failed: Only part of a ReadProcessMemory or WriteProcessMemory request was completed. (0x12B)
[0530/123847.564:ERROR:process_memory_win.cc(73)] ReadMemory at 0x18b7bfd54d0 of 152 bytes failed: Only part of a ReadProcessMemory or WriteProcessMemory request was completed. (0x12B)
[0530/123847.564:ERROR:process_memory_win.cc(73)] ReadMemory at 0x18b7bfd614a of 512 bytes failed: Only part of a ReadProcessMemory or WriteProcessMemory request was completed. (0x12B)
[0530/123847.564:ERROR:process_memory_win.cc(73)] ReadMemory at 0x18b7bfd7790 of 62 bytes failed: Only part of a ReadProcessMemory or WriteProcessMemory request was completed. (0x12B)
[0530/123847.564:ERROR:process_memory_win.cc(73)] ReadMemory at 0x18b7bfd7810 of 144 bytes failed: Only part of a ReadProcessMemory or WriteProcessMemory request was completed. (0x12B)
[0530/123847.564:ERROR:process_memory_win.cc(73)] ReadMemory at 0x18b7bfd78f0 of 132 bytes failed: Only part of a ReadProcessMemory or WriteProcessMemory request was completed. (0x12B)
[0530/123847.564:ERROR:process_memory_win.cc(73)] ReadMemory at 0x18b7bfd7a80 of 60 bytes failed: Only part of a ReadProcessMemory or WriteProcessMemory request was completed. (0x12B)
[0530/123847.564:ERROR:process_memory_win.cc(73)] ReadMemory at 0x18b7bfdaa60 of 132 bytes failed: Only part of a ReadProcessMemory or WriteProcessMemory request was completed. (0x12B)
[0530/123847.564:ERROR:process_memory_win.cc(73)] ReadMemory at 0x18b7bfdac30 of 64 bytes failed: Only part of a ReadProcessMemory or WriteProcessMemory request was completed. (0x12B)
[0530/123847.564:ERROR:process_memory_win.cc(73)] ReadMemory at 0x18b7bfdac80 of 66 bytes failed: Only part of a ReadProcessMemory or WriteProcessMemory request was completed. (0x12B)
[0530/123847.564:ERROR:process_memory_win.cc(73)] ReadMemory at 0x18b7bfdad20 of 62 bytes failed: Only part of a ReadProcessMemory or WriteProcessMemory request was completed. (0x12B)
[0530/123847.564:ERROR:process_memory_win.cc(73)] ReadMemory at 0x18b7bfdaeb0 of 60 bytes failed: Only part of a ReadProcessMemory or WriteProcessMemory request was completed. (0x12B)
[0530/123847.564:ERROR:process_memory_win.cc(73)] ReadMemory at 0x18b7bfdaf00 of 64 bytes failed: Only part of a ReadProcessMemory or WriteProcessMemory request was completed. (0x12B)
[0530/123847.564:ERROR:process_memory_win.cc(73)] ReadMemory at 0x18b7bfdaf50 of 62 bytes failed: Only part of a ReadProcessMemory or WriteProcessMemory request was completed. (0x12B)
[0530/123847.564:ERROR:process_memory_win.cc(73)] ReadMemory at 0x18b7bfdafa0 of 64 bytes failed: Only part of a ReadProcessMemory or WriteProcessMemory request was completed. (0x12B)
[0530/123847.564:ERROR:process_memory_win.cc(73)] ReadMemory at 0x18b7bfdaff0 of 64 bytes failed: Only part of a ReadProcessMemory or WriteProcessMemory request was completed. (0x12B)
[0530/123847.564:ERROR:process_memory_win.cc(73)] ReadMemory at 0x18b7bfdb220 of 60 bytes failed: Only part of a ReadProcessMemory or WriteProcessMemory request was completed. (0x12B)
[0530/123847.564:ERROR:process_memory_win.cc(73)] ReadMemory at 0x18b7bfdb7a0 of 132 bytes failed: Only part of a ReadProcessMemory or WriteProcessMemory request was completed. (0x12B)
[0530/123847.564:ERROR:process_memory_win.cc(73)] ReadMemory at 0x18b7bfdbb00 of 132 bytes failed: Only part of a ReadProcessMemory or WriteProcessMemory request was completed. (0x12B)
[0530/123847.564:ERROR:process_memory_win.cc(73)] ReadMemory at 0x18b7bfdbdb0 of 132 bytes failed: Only part of a ReadProcessMemory or WriteProcessMemory request was completed. (0x12B)
[0530/123847.564:ERROR:process_memory_win.cc(73)] ReadMemory at 0x18b7bfdbf40 of 80 bytes failed: Only part of a ReadProcessMemory or WriteProcessMemory request was completed. (0x12B)
[0530/123847.564:ERROR:process_memory_win.cc(73)] ReadMemory at 0x18b7bfdc1c0 of 132 bytes failed: Only part of a ReadProcessMemory or WriteProcessMemory request was completed. (0x12B)
[0530/123847.564:ERROR:process_memory_win.cc(73)] ReadMemory at 0x18b7bfdc2f0 of 132 bytes failed: Only part of a ReadProcessMemory or WriteProcessMemory request was completed. (0x12B)
[0530/123847.564:ERROR:process_memory_win.cc(73)] ReadMemory at 0x18b7bfdc420 of 132 bytes failed: Only part of a ReadProcessMemory or WriteProcessMemory request was completed. (0x12B)
[0530/123847.564:ERROR:process_memory_win.cc(73)] ReadMemory at 0x18b7bfdc550 of 132 bytes failed: Only part of a ReadProcessMemory or WriteProcessMemory request was completed. (0x12B)
[0530/123847.564:ERROR:process_memory_win.cc(73)] ReadMemory at 0x18b7bfdc680 of 132 bytes failed: Only part of a ReadProcessMemory or WriteProcessMemory request was completed. (0x12B)
[0530/123847.564:ERROR:process_memory_win.cc(73)] ReadMemory at 0x18b7bfdc7b0 of 132 bytes failed: Only part of a ReadProcessMemory or WriteProcessMemory request was completed. (0x12B)
[0530/123847.564:ERROR:process_memory_win.cc(73)] ReadMemory at 0x18b7bfdc8e0 of 132 bytes failed: Only part of a ReadProcessMemory or WriteProcessMemory request was completed. (0x12B)
[0530/123847.564:ERROR:process_memory_win.cc(73)] ReadMemory at 0x18b7bfdca10 of 132 bytes failed: Only part of a ReadProcessMemory or WriteProcessMemory request was completed. (0x12B)
[0530/123847.564:ERROR:process_memory_win.cc(73)] ReadMemory at 0x18b7bfdcb40 of 132 bytes failed: Only part of a ReadProcessMemory or WriteProcessMemory request was completed. (0x12B)
[0530/123847.564:ERROR:process_memory_win.cc(73)] ReadMemory at 0x18b7bfdcc70 of 132 bytes failed: Only part of a ReadProcessMemory or WriteProcessMemory request was completed. (0x12B)
[0530/123847.564:ERROR:process_memory_win.cc(73)] ReadMemory at 0x18b7bfdcda0 of 132 bytes failed: Only part of a ReadProcessMemory or WriteProcessMemory request was completed. (0x12B)
[0530/123847.564:ERROR:process_memory_win.cc(73)] ReadMemory at 0x18b7bfdced0 of 132 bytes failed: Only part of a ReadProcessMemory or WriteProcessMemory request was completed. (0x12B)
[0530/123847.564:ERROR:process_memory_win.cc(73)] ReadMemory at 0x18b7bfde9f0 of 54 bytes failed: Only part of a ReadProcessMemory or WriteProcessMemory request was completed. (0x12B)
[0530/123847.564:ERROR:process_memory_win.cc(73)] ReadMemory at 0x18b7bfdf270 of 132 bytes failed: Only part of a ReadProcessMemory or WriteProcessMemory request was completed. (0x12B)
[0530/123847.564:ERROR:process_memory_win.cc(73)] ReadMemory at 0x18b7bfdf3a0 of 132 bytes failed: Only part of a ReadProcessMemory or WriteProcessMemory request was completed. (0x12B)
[0530/123847.564:ERROR:process_memory_win.cc(73)] ReadMemory at 0x18b7bfe0bd0 of 132 bytes failed: Only part of a ReadProcessMemory or WriteProcessMemory request was completed. (0x12B)
[0530/123847.564:ERROR:process_memory_win.cc(73)] ReadMemory at 0x18b7bfe2c00 of 132 bytes failed: Only part of a ReadProcessMemory or WriteProcessMemory request was completed. (0x12B)
[0530/123847.564:ERROR:process_memory_win.cc(73)] ReadMemory at 0x18b7bfe4970 of 132 bytes failed: Only part of a ReadProcessMemory or WriteProcessMemory request was completed. (0x12B)
[0530/123847.564:ERROR:process_memory_win.cc(73)] ReadMemory at 0x18b7bfe5f50 of 78 bytes failed: Only part of a ReadProcessMemory or WriteProcessMemory request was completed. (0x12B)
[0530/123847.564:ERROR:process_memory_win.cc(73)] ReadMemory at 0x18b7bfe62b0 of 76 bytes failed: Only part of a ReadProcessMemory or WriteProcessMemory request was completed. (0x12B)
[0530/123847.564:ERROR:process_memory_win.cc(73)] ReadMemory at 0x18b7bfe6550 of 80 bytes failed: Only part of a ReadProcessMemory or WriteProcessMemory request was completed. (0x12B)
[0530/123847.564:ERROR:process_memory_win.cc(73)] ReadMemory at 0x18b7bfe6900 of 62 bytes failed: Only part of a ReadProcessMemory or WriteProcessMemory request was completed. (0x12B)
[0530/123847.564:ERROR:process_memory_win.cc(73)] ReadMemory at 0x18b7bfe69a0 of 60 bytes failed: Only part of a ReadProcessMemory or WriteProcessMemory request was completed. (0x12B)
[0530/123847.564:ERROR:process_memory_win.cc(73)] ReadMemory at 0x18b7bfe6a40 of 66 bytes failed: Only part of a ReadProcessMemory or WriteProcessMemory request was completed. (0x12B)
[0530/123847.564:ERROR:process_memory_win.cc(73)] ReadMemory at 0x18b7bfe6b30 of 58 bytes failed: Only part of a ReadProcessMemory or WriteProcessMemory request was completed. (0x12B)
[0530/123847.564:ERROR:process_memory_win.cc(73)] ReadMemory at 0x18b7bfe6b80 of 62 bytes failed: Only part of a ReadProcessMemory or WriteProcessMemory request was completed. (0x12B)
[0530/123847.564:ERROR:process_memory_win.cc(73)] ReadMemory at 0x18b7bfe6ea0 of 62 bytes failed: Only part of a ReadProcessMemory or WriteProcessMemory request was completed. (0x12B)
[0530/123847.564:ERROR:process_memory_win.cc(73)] ReadMemory at 0x18b7bfe7080 of 60 bytes failed: Only part of a ReadProcessMemory or WriteProcessMemory request was completed. (0x12B)
[0530/123847.564:ERROR:process_memory_win.cc(73)] ReadMemory at 0x18b7bfe7120 of 64 bytes failed: Only part of a ReadProcessMemory or WriteProcessMemory request was completed. (0x12B)
[0530/123847.564:ERROR:process_memory_win.cc(73)] ReadMemory at 0x18b7bfe7260 of 62 bytes failed: Only part of a ReadProcessMemory or WriteProcessMemory request was completed. (0x12B)
[0530/123847.564:ERROR:process_memory_win.cc(73)] ReadMemory at 0x18b7bfe72b0 of 60 bytes failed: Only part of a ReadProcessMemory or WriteProcessMemory request was completed. (0x12B)
[0530/123847.564:ERROR:process_memory_win.cc(73)] ReadMemory at 0x18b7bfe7300 of 62 bytes failed: Only part of a ReadProcessMemory or WriteProcessMemory request was completed. (0x12B)
[0530/123847.564:ERROR:process_memory_win.cc(73)] ReadMemory at 0x18b7bfe7350 of 64 bytes failed: Only part of a ReadProcessMemory or WriteProcessMemory request was completed. (0x12B)
[0530/123847.564:ERROR:process_memory_win.cc(73)] ReadMemory at 0x18b7bfe7440 of 62 bytes failed: Only part of a ReadProcessMemory or WriteProcessMemory request was completed. (0x12B)
[0530/123847.564:ERROR:process_memory_win.cc(73)] ReadMemory at 0x18b7bfe74e0 of 62 bytes failed: Only part of a ReadProcessMemory or WriteProcessMemory request was completed. (0x12B)
[0530/123847.564:ERROR:process_memory_win.cc(73)] ReadMemory at 0x18b7bfe7530 of 62 bytes failed: Only part of a ReadProcessMemory or WriteProcessMemory request was completed. (0x12B)
[0530/123847.564:ERROR:process_memory_win.cc(73)] ReadMemory at 0x18b7bfe7670 of 62 bytes failed: Only part of a ReadProcessMemory or WriteProcessMemory request was completed. (0x12B)
[0530/123847.564:ERROR:process_memory_win.cc(73)] ReadMemory at 0x18b7bfe76c0 of 64 bytes failed: Only part of a ReadProcessMemory or WriteProcessMemory request was completed. (0x12B)
[0530/123847.564:ERROR:process_memory_win.cc(73)] ReadMemory at 0x18b7bfe7800 of 64 bytes failed: Only part of a ReadProcessMemory or WriteProcessMemory request was completed. (0x12B)
[0530/123847.564:ERROR:process_memory_win.cc(73)] ReadMemory at 0x18b7bfe7850 of 60 bytes failed: Only part of a ReadProcessMemory or WriteProcessMemory request was completed. (0x12B)
[0530/123847.564:ERROR:process_memory_win.cc(73)] ReadMemory at 0x18b7bfe7fd0 of 132 bytes failed: Only part of a ReadProcessMemory or WriteProcessMemory request was completed. (0x12B)
[0530/123847.564:ERROR:process_memory_win.cc(73)] ReadMemory at 0x18b7bfe8100 of 132 bytes failed: Only part of a ReadProcessMemory or WriteProcessMemory request was completed. (0x12B)
[0530/123847.564:ERROR:process_memory_win.cc(73)] ReadMemory at 0x18b7bfe8230 of 132 bytes failed: Only part of a ReadProcessMemory or WriteProcessMemory request was completed. (0x12B)
[0530/123847.564:ERROR:process_memory_win.cc(73)] ReadMemory at 0x18b7bfe8360 of 132 bytes failed: Only part of a ReadProcessMemory or WriteProcessMemory request was completed. (0x12B)
[0530/123847.564:ERROR:process_memory_win.cc(73)] ReadMemory at 0x18b7bfe8490 of 132 bytes failed: Only part of a ReadProcessMemory or WriteProcessMemory request was completed. (0x12B)
[0530/123847.564:ERROR:process_memory_win.cc(73)] ReadMemory at 0x18b7bfe86f0 of 132 bytes failed: Only part of a ReadProcessMemory or WriteProcessMemory request was completed. (0x12B)
[0530/123847.564:ERROR:process_memory_win.cc(73)] ReadMemory at 0x18b7bfe8820 of 132 bytes failed: Only part of a ReadProcessMemory or WriteProcessMemory request was completed. (0x12B)
[0530/123847.564:ERROR:process_memory_win.cc(73)] ReadMemory at 0x18b7bfe8950 of 132 bytes failed: Only part of a ReadProcessMemory or WriteProcessMemory request was completed. (0x12B)
[0530/123847.564:ERROR:process_memory_win.cc(73)] ReadMemory at 0x18b7bfe8a80 of 132 bytes failed: Only part of a ReadProcessMemory or WriteProcessMemory request was completed. (0x12B)
[0530/123847.564:ERROR:process_memory_win.cc(73)] ReadMemory at 0x18b7bfe9070 of 132 bytes failed: Only part of a ReadProcessMemory or WriteProcessMemory request was completed. (0x12B)
[0530/123847.564:ERROR:process_memory_win.cc(73)] ReadMemory at 0x18b7bfe91a0 of 132 bytes failed: Only part of a ReadProcessMemory or WriteProcessMemory request was completed. (0x12B)
[0530/123847.564:ERROR:process_memory_win.cc(73)] ReadMemory at 0x18b7bfe92d0 of 132 bytes failed: Only part of a ReadProcessMemory or WriteProcessMemory request was completed. (0x12B)
[0530/123847.564:ERROR:process_memory_win.cc(73)] ReadMemory at 0x18b7bfe9400 of 132 bytes failed: Only part of a ReadProcessMemory or WriteProcessMemory request was completed. (0x12B)
[0530/123847.564:ERROR:process_memory_win.cc(73)] ReadMemory at 0x18b7bfe9530 of 132 bytes failed: Only part of a ReadProcessMemory or WriteProcessMemory request was completed. (0x12B)
[0530/123847.564:ERROR:process_memory_win.cc(73)] ReadMemory at 0x18b7bfe9660 of 132 bytes failed: Only part of a ReadProcessMemory or WriteProcessMemory request was completed. (0x12B)
[0530/123847.564:ERROR:process_memory_win.cc(73)] ReadMemory at 0x18b7bfe9790 of 132 bytes failed: Only part of a ReadProcessMemory or WriteProcessMemory request was completed. (0x12B)
[0530/123847.564:ERROR:process_memory_win.cc(73)] ReadMemory at 0x18b7bfe98c0 of 132 bytes failed: Only part of a ReadProcessMemory or WriteProcessMemory request was completed. (0x12B)
[0530/123847.564:ERROR:process_memory_win.cc(73)] ReadMemory at 0x18b7bfe99f0 of 132 bytes failed: Only part of a ReadProcessMemory or WriteProcessMemory request was completed. (0x12B)
[0530/123847.564:ERROR:process_memory_win.cc(73)] ReadMemory at 0x18b7bfe9b20 of 132 bytes failed: Only part of a ReadProcessMemory or WriteProcessMemory request was completed. (0x12B)
[0530/123847.564:ERROR:process_memory_win.cc(73)] ReadMemory at 0x18b7bfe9c50 of 132 bytes failed: Only part of a ReadProcessMemory or WriteProcessMemory request was completed. (0x12B)
[0530/123847.564:ERROR:process_memory_win.cc(73)] ReadMemory at 0x18b7bfe9d80 of 132 bytes failed: Only part of a ReadProcessMemory or WriteProcessMemory request was completed. (0x12B)
[0530/123847.564:ERROR:process_memory_win.cc(73)] ReadMemory at 0x18b7bfea120 of 66 bytes failed: Only part of a ReadProcessMemory or WriteProcessMemory request was completed. (0x12B)
[0530/123847.564:ERROR:process_memory_win.cc(73)] ReadMemory at 0x18b7bfea300 of 60 bytes failed: Only part of a ReadProcessMemory or WriteProcessMemory request was completed. (0x12B)
[0530/123847.564:ERROR:process_memory_win.cc(73)] ReadMemory at 0x18b7bfea4e0 of 60 bytes failed: Only part of a ReadProcessMemory or WriteProcessMemory request was completed. (0x12B)
[0530/123847.564:ERROR:process_memory_win.cc(73)] ReadMemory at 0x18b7bfea670 of 62 bytes failed: Only part of a ReadProcessMemory or WriteProcessMemory request was completed. (0x12B)
[0530/123847.564:ERROR:process_memory_win.cc(73)] ReadMemory at 0x18b7bfea760 of 58 bytes failed: Only part of a ReadProcessMemory or WriteProcessMemory request was completed. (0x12B)
[0530/123847.564:ERROR:process_memory_win.cc(73)] ReadMemory at 0x18b7bfea850 of 62 bytes failed: Only part of a ReadProcessMemory or WriteProcessMemory request was completed. (0x12B)
[0530/123847.564:ERROR:process_memory_win.cc(73)] ReadMemory at 0x18b7bfea9e0 of 64 bytes failed: Only part of a ReadProcessMemory or WriteProcessMemory request was completed. (0x12B)
[0530/123847.564:ERROR:process_memory_win.cc(73)] ReadMemory at 0x18b7bfeab70 of 58 bytes failed: Only part of a ReadProcessMemory or WriteProcessMemory request was completed. (0x12B)
[0530/123847.564:ERROR:process_memory_win.cc(73)] ReadMemory at 0x18b7bfeadf0 of 58 bytes failed: Only part of a ReadProcessMemory or WriteProcessMemory request was completed. (0x12B)
[0530/123847.564:ERROR:process_memory_win.cc(73)] ReadMemory at 0x18b7c006420 of 512 bytes failed: Only part of a ReadProcessMemory or WriteProcessMemory request was completed. (0x12B)
[0530/123847.564:ERROR:process_memory_win.cc(73)] ReadMemory at 0x18b7c00efe0 of 512 bytes failed: Only part of a ReadProcessMemory or WriteProcessMemory request was completed. (0x12B)
[0530/123847.564:ERROR:process_memory_win.cc(73)] ReadMemory at 0x1d8a34a145c0 of 832 bytes failed: Only part of a ReadProcessMemory or WriteProcessMemory request was completed. (0x12B)
[0530/123847.564:ERROR:process_memory_win.cc(73)] ReadMemory at 0x61e96a6c0bb0 of 512 bytes failed: Only part of a ReadProcessMemory or WriteProcessMemory request was completed. (0x12B)
[0530/123847.564:ERROR:process_memory_win.cc(73)] ReadMemory at 0x61e96a844ae0 of 512 bytes failed: Only part of a ReadProcessMemory or WriteProcessMemory request was completed. (0x12B)
[0530/123847.564:ERROR:process_memory_win.cc(73)] ReadMemory at 0x61e96a8476c0 of 512 bytes failed: Only part of a ReadProcessMemory or WriteProcessMemory request was completed. (0x12B)
[0530/123847.564:ERROR:process_memory_win.cc(73)] ReadMemory at 0x7ffc9e29aa69 of 512 bytes failed: Only part of a ReadProcessMemory or WriteProcessMemory request was completed. (0x12B)
[0530/123847.564:ERROR:process_memory_win.cc(73)] ReadMemory at 0x7ffca04b806c of 512 bytes failed: Only part of a ReadProcessMemory or WriteProcessMemory request was completed. (0x12B)
[0530/123847.564:ERROR:process_memory_win.cc(73)] ReadMemory at 0x7ffca43f0a47 of 512 bytes failed: Only part of a ReadProcessMemory or WriteProcessMemory request was completed. (0x12B)
[0530/123847.564:ERROR:process_memory_win.cc(73)] ReadMemory at 0x7ffca43f4d0c of 512 bytes failed: Only part of a ReadProcessMemory or WriteProcessMemory request was completed. (0x12B)
[0530/123847.564:ERROR:process_memory_win.cc(73)] ReadMemory at 0x7ffd0acda719 of 512 bytes failed: Only part of a ReadProcessMemory or WriteProcessMemory request was completed. (0x12B)
[0530/123847.564:ERROR:process_memory_win.cc(73)] ReadMemory at 0x7ffd0af0c6e0 of 512 bytes failed: Only part of a ReadProcessMemory or WriteProcessMemory request was completed. (0x12B)
[0530/123847.564:ERROR:process_memory_win.cc(73)] ReadMemory at 0x7ffd0cfdc074 of 672 bytes failed: Only part of a ReadProcessMemory or WriteProcessMemory request was completed. (0x12B)
[0530/123847.564:ERROR:process_memory_win.cc(73)] ReadMemory at 0x7ffd0cfdc674 of 512 bytes failed: Only part of a ReadProcessMemory or WriteProcessMemory request was completed. (0x12B)
[0530/123847.564:ERROR:process_memory_win.cc(73)] ReadMemory at 0x7ffd0cfdf924 of 608 bytes failed: Only part of a ReadProcessMemory or WriteProcessMemory request was completed. (0x12B)
[0530/123847.564:ERROR:process_memory_win.cc(73)] ReadMemory at 0x7ffd0d06c428 of 18 bytes failed: Only part of a ReadProcessMemory or WriteProcessMemory request was completed. (0x12B)
[0530/123847.564:ERROR:process_memory_win.cc(73)] ReadMemory at 0x7ffd0d09f4f8 of 40 bytes failed: Only part of a ReadProcessMemory or WriteProcessMemory request was completed. (0x12B)
[0530/123847.564:ERROR:process_memory_win.cc(73)] ReadMemory at 0x7ffd0d09f978 of 48 bytes failed: Only part of a ReadProcessMemory or WriteProcessMemory request was completed. (0x12B)
[0530/123847.564:ERROR:process_memory_win.cc(73)] ReadMemory at 0x7ffd0d0a53c0 of 64 bytes failed: Only part of a ReadProcessMemory or WriteProcessMemory request was completed. (0x12B)
[0530/123847.564:ERROR:scoped_process_suspend.cc(40)] NtResumeProcess: An attempt was made to access an exiting process. (0xc000010a)
